[71907:71907:1118/201805.299979:WARNING:chrome_main_delegate.cc(742)] This is Chrome version 128.0.6613.137 (not a warning)
[71907:71907:1118/201805.508615:INFO:chrome_browser_cloud_management_controller.cc(196)] No machine level policy manager exists.
[71945:71945:1118/201805.600968:WARNING:sandbox_linux.cc(430)] InitializeSandbox() called with multiple threads in process gpu-process.
[71907:71907:1118/201805.838222:ERROR:object_proxy.cc(576)] Failed to call method: org.freedesktop.ScreenSaver.GetActive: object_path= /org/freedesktop/ScreenSaver: org.freedesktop.DBus.Error.NotSupported: This method is not part of the idle inhibition specification: https://specifications.freedesktop.org/idle-inhibit-spec/latest/
[71945:71990:1118/201806.252357:ERROR:shared_image_manager.cc(327)] SharedImageManager::ProduceMemory: Trying to Produce a Memory representation from a non-existent mailbox.
[71945:71990:1118/201806.324614:ERROR:shared_image_manager.cc(327)] SharedImageManager::ProduceMemory: Trying to Produce a Memory representation from a non-existent mailbox.
[71945:71990:1118/201806.340789:ERROR:shared_image_manager.cc(327)] SharedImageManager::ProduceMemory: Trying to Produce a Memory representation from a non-existent mailbox.
[71945:71990:1118/201806.357588:ERROR:shared_image_manager.cc(327)] SharedImageManager::ProduceMemory: Trying to Produce a Memory representation from a non-existent mailbox.
[71945:71990:1118/201806.375063:ERROR:shared_image_manager.cc(327)] SharedImageManager::ProduceMemory: Trying to Produce a Memory representation from a non-existent mailbox.
[71945:71990:1118/201806.407937:ERROR:shared_image_manager.cc(327)] SharedImageManager::ProduceMemory: Trying to Produce a Memory representation from a non-existent mailbox.
[71945:71990:1118/201806.424982:ERROR:shared_image_manager.cc(327)] SharedImageManager::ProduceMemory: Trying to Produce a Memory representation from a non-existent mailbox.
[71992:1:1118/201807.071362:INFO:document_style_environment_variables.cc(78)] E2E_Used SafeAreaInsetBottom
[71992:1:1118/201807.071891:INFO:document_style_environment_variables.cc(78)] E2E_Used SafeAreaInsetBottom
[71907:71907:1118/201807.108816:INFO:CONSOLE(2)] "react-spring: Directly calling start instead of using the api object is deprecated in v9 (use ".start" instead), this will be removed in later 0.X.0 versions", source: https://s.winamax.fr/betting/winabet/static/js/vendors-3578e379.1a3c7c1f.js (2)
[71992:1:1118/201807.139144:INFO:document_style_environment_variables.cc(78)] E2E_Used SafeAreaInsetBottom
[71992:1:1118/201807.139759:INFO:document_style_environment_variables.cc(78)] E2E_Used SafeAreaInsetBottom
[71907:71907:1118/201807.199021:INFO:CONSOLE(2)] "The AudioContext was not allowed to start. It must be resumed (or created) after a user gesture on the page. https://goo.gl/7K7WLu", source: https://s.winamax.fr/betting/winabet/static/js/vendors-15fad1d3.a86d60da.js (2)
[71907:71907:1118/201807.200381:INFO:CONSOLE(2)] "The AudioContext was not allowed to start. It must be resumed (or created) after a user gesture on the page. https://goo.gl/7K7WLu", source: https://s.winamax.fr/betting/winabet/static/js/vendors-15fad1d3.a86d60da.js (2)
[71992:1:1118/201807.225561:INFO:document_style_environment_variables.cc(78)] E2E_Used SafeAreaInsetBottom
[71992:1:1118/201807.282037:INFO:document_style_environment_variables.cc(78)] E2E_Used SafeAreaInsetBottom
[71992:1:1118/201807.282841:INFO:document_style_environment_variables.cc(78)] E2E_Used SafeAreaInsetBottom
[71992:1:1118/201807.412818:INFO:document_style_environment_variables.cc(78)] E2E_Used SafeAreaInsetBottom
[71992:1:1118/201807.444706:INFO:document_style_environment_variables.cc(78)] E2E_Used SafeAreaInsetBottom
[71992:1:1118/201807.512723:INFO:document_style_environment_variables.cc(78)] E2E_Used SafeAreaInsetBottom
[71992:1:1118/201807.513750:INFO:document_style_environment_variables.cc(78)] E2E_Used SafeAreaInsetBottom
[71992:1:1118/201808.001215:INFO:document_style_environment_variables.cc(78)] E2E_Used SafeAreaInsetBottom
[71992:1:1118/201808.024801:INFO:document_style_environment_variables.cc(78)] E2E_Used SafeAreaInsetBottom
[71992:1:1118/201808.025434:INFO:document_style_environment_variables.cc(78)] E2E_Used SafeAreaInsetBottom
[71907:71907:1118/201808.273317:INFO:CONSOLE(26)] "<iframe gesture="media"> is not supported. Use <iframe allow="autoplay">, https://goo.gl/ximf56", source: https://www.winamax.fr/betting/tv/get_iframe.php (26)
[71907:71907:1118/201808.747322:INFO:CONSOLE(2)] "Received  addEventListener version = 2", source: https://s.winamax.fr/betting/winabet/static/js/vendors-71de9d17.e371377d.js (2)
[71907:71907:1118/201808.854781:INFO:CONSOLE(1)] "WebGPU is experimental on this platform. See https://github.com/gpuweb/gpuweb/wiki/Implementation-Status#implementation-status", source: https://assets.twitch.tv/assets/player-core-variant-a-3df46ad3b7954c3c833b.js (1)
[71907:71907:1118/201808.855731:INFO:CONSOLE(1)] "Failed to create WebGPU Context Provider", source: https://assets.twitch.tv/assets/player-core-variant-a-3df46ad3b7954c3c833b.js (1)
[71907:71907:1118/201808.858300:INFO:CONSOLE(1)] "20:18:08 - [VideoTransformer] WebGPU adapter unavailable", source: https://assets.twitch.tv/assets/player-core-variant-a-3df46ad3b7954c3c833b.js (1)
[71992:1:1118/201808.989291:INFO:document_style_environment_variables.cc(78)] E2E_Used SafeAreaInsetBottom
[71992:1:1118/201809.045833:INFO:document_style_environment_variables.cc(78)] E2E_Used SafeAreaInsetBottom
[71992:1:1118/201809.046598:INFO:document_style_environment_variables.cc(78)] E2E_Used SafeAreaInsetBottom
[71992:1:1118/201809.057498:INFO:document_style_environment_variables.cc(78)] E2E_Used SafeAreaInsetBottom
[71907:71907:1118/201809.062141:INFO:CONSOLE(1)] "Amazon IVS Player SDK 1.34.0-rc.2.2", source: https://assets.twitch.tv/assets/amazon-ivs-wasmworker.min-82a503ef45a7db218f99.js (1)
[71992:1:1118/201809.115068:INFO:document_style_environment_variables.cc(78)] E2E_Used SafeAreaInsetBottom
[71992:1:1118/201809.168822:INFO:document_style_environment_variables.cc(78)] E2E_Used SafeAreaInsetBottom
[71992:1:1118/201809.169440:INFO:document_style_environment_variables.cc(78)] E2E_Used SafeAreaInsetBottom
[71992:1:1118/201809.341058:INFO:document_style_environment_variables.cc(78)] E2E_Used SafeAreaInsetBottom
[71992:1:1118/201809.412368:INFO:document_style_environment_variables.cc(78)] E2E_Used SafeAreaInsetBottom
[71992:1:1118/201809.413080:INFO:document_style_environment_variables.cc(78)] E2E_Used SafeAreaInsetBottom
[71992:1:1118/201809.414071:INFO:document_style_environment_variables.cc(78)] E2E_Used SafeAreaInsetBottom
[71907:71907:1118/201809.416507:INFO:CONSOLE(1)] "MediaCapabilities found [object Object],[object Object],[object Object],[object Object],[object Object]", source: https://assets.twitch.tv/assets/amazon-ivs-wasmworker.min-82a503ef45a7db218f99.js (1)
[71992:1:1118/201809.938438:INFO:document_style_environment_variables.cc(78)] E2E_Used SafeAreaInsetBottom
[71992:1:1118/201810.005256:INFO:document_style_environment_variables.cc(78)] E2E_Used SafeAreaInsetBottom
[71992:1:1118/201810.005753:INFO:document_style_environment_variables.cc(78)] E2E_Used SafeAreaInsetBottom
[71992:1:1118/201810.006404:INFO:document_style_environment_variables.cc(78)] E2E_Used SafeAreaInsetBottom
[71907:71907:1118/201810.048433:INFO:CONSOLE(1)] "MSE in workers enabled", source: https://assets.twitch.tv/assets/amazon-ivs-wasmworker.min-82a503ef45a7db218f99.js (1)
[71907:71907:1118/201810.137250:INFO:CONSOLE(1)] "[object Object]", source: https://assets.twitch.tv/assets/vendor-b8bc3d3d214b808526ee.js (1)
[71992:1:1118/201810.142821:INFO:document_style_environment_variables.cc(78)] E2E_Used SafeAreaInsetBottom
[71907:71907:1118/201810.199351:INFO:CONSOLE(1)] "Moving to buffered region 0.067 0", source: https://assets.twitch.tv/assets/player-core-variant-a-3df46ad3b7954c3c833b.js (1)
[71992:1:1118/201810.224038:INFO:document_style_environment_variables.cc(78)] E2E_Used SafeAreaInsetBottom
[71992:1:1118/201810.224961:INFO:document_style_environment_variables.cc(78)] E2E_Used SafeAreaInsetBottom
[71992:1:1118/201810.226079:INFO:document_style_environment_variables.cc(78)] E2E_Used SafeAreaInsetBottom
[71907:71907:1118/201810.330922:INFO:CONSOLE(3415)] "Permissions policy violation: accelerometer is not allowed in this document.", source: https://www.twitch.tv/r/s/m/nat.min.js (3415)
[71907:71907:1118/201810.330998:INFO:CONSOLE(3415)] "The deviceorientation events are blocked by permissions policy. See https://github.com/w3c/webappsec-permissions-policy/blob/master/features.md#sensor-features", source: https://www.twitch.tv/r/s/m/nat.min.js (3415)
[71907:71907:1118/201810.359248:INFO:CONSOLE(1)] "[object Object]", source: https://assets.twitch.tv/assets/vendor-b8bc3d3d214b808526ee.js (1)
[71907:71907:1118/201810.359932:INFO:CONSOLE(1)] "[object Object]", source: https://assets.twitch.tv/assets/vendor-b8bc3d3d214b808526ee.js (1)
[71907:71907:1118/201815.103086:INFO:CONSOLE(2)] "The AudioContext was not allowed to start. It must be resumed (or created) after a user gesture on the page. https://goo.gl/7K7WLu", source: https://s.winamax.fr/betting/winabet/static/js/vendors-15fad1d3.a86d60da.js (2)
[71907:71907:1118/201815.103260:INFO:CONSOLE(2)] "The AudioContext was not allowed to start. It must be resumed (or created) after a user gesture on the page. https://goo.gl/7K7WLu", source: https://s.winamax.fr/betting/winabet/static/js/vendors-15fad1d3.a86d60da.js (2)
[71907:71907:1118/201815.103321:INFO:CONSOLE(2)] "The AudioContext was not allowed to start. It must be resumed (or created) after a user gesture on the page. https://goo.gl/7K7WLu", source: https://s.winamax.fr/betting/winabet/static/js/vendors-15fad1d3.a86d60da.js (2)
[71992:1:1118/201815.116404:INFO:document_style_environment_variables.cc(78)] E2E_Used SafeAreaInsetBottom
[71992:1:1118/201817.117973:INFO:document_style_environment_variables.cc(78)] E2E_Used SafeAreaInsetBottom
[71992:1:1118/201817.155663:INFO:document_style_environment_variables.cc(78)] E2E_Used SafeAreaInsetBottom
[71992:1:1118/201817.156115:INFO:document_style_environment_variables.cc(78)] E2E_Used SafeAreaInsetBottom
[71992:1:1118/201817.156376:INFO:document_style_environment_variables.cc(78)] E2E_Used SafeAreaInsetBottom
[71992:1:1118/201817.228008:INFO:document_style_environment_variables.cc(78)] E2E_Used SafeAreaInsetBottom
[71992:1:1118/201817.291463:INFO:document_style_environment_variables.cc(78)] E2E_Used SafeAreaInsetBottom
[71992:1:1118/201817.321951:INFO:document_style_environment_variables.cc(78)] E2E_Used SafeAreaInsetBottom
[71992:1:1118/201817.353191:INFO:document_style_environment_variables.cc(78)] E2E_Used SafeAreaInsetBottom
[71992:1:1118/201817.353736:INFO:document_style_environment_variables.cc(78)] E2E_Used SafeAreaInsetBottom
[71992:1:1118/201817.727085:INFO:document_style_environment_variables.cc(78)] E2E_Used SafeAreaInsetBottom
[71992:1:1118/201817.757875:INFO:document_style_environment_variables.cc(78)] E2E_Used SafeAreaInsetBottom
[71992:1:1118/201817.758387:INFO:document_style_environment_variables.cc(78)] E2E_Used SafeAreaInsetBottom
[71992:1:1118/201817.758722:INFO:document_style_environment_variables.cc(78)] E2E_Used SafeAreaInsetBottom
[71992:1:1118/201817.900475:INFO:document_style_environment_variables.cc(78)] E2E_Used SafeAreaInsetBottom
[71992:1:1118/201819.302536:INFO:document_style_environment_variables.cc(78)] E2E_Used SafeAreaInsetBottom
[71992:1:1118/201819.914316:INFO:document_style_environment_variables.cc(78)] E2E_Used SafeAreaInsetBottom
[71992:1:1118/201819.948727:INFO:document_style_environment_variables.cc(78)] E2E_Used SafeAreaInsetBottom
[71992:1:1118/201819.949431:INFO:document_style_environment_variables.cc(78)] E2E_Used SafeAreaInsetBottom
[71992:1:1118/201819.949795:INFO:document_style_environment_variables.cc(78)] E2E_Used SafeAreaInsetBottom
[71992:1:1118/201820.097472:INFO:document_style_environment_variables.cc(78)] E2E_Used SafeAreaInsetBottom
[71992:1:1118/201823.071485:INFO:document_style_environment_variables.cc(78)] E2E_Used SafeAreaInsetBottom
[71992:1:1118/201823.809809:INFO:document_style_environment_variables.cc(78)] E2E_Used SafeAreaInsetBottom
[71907:71907:1118/201825.755115:INFO:CONSOLE(1)] "[object Object]", source: https://assets.twitch.tv/assets/vendor-b8bc3d3d214b808526ee.js (1)
[71907:71907:1118/201825.966088:INFO:CONSOLE(1)] "[object Object]", source: https://assets.twitch.tv/assets/vendor-b8bc3d3d214b808526ee.js (1)
[71992:1:1118/201826.708364:INFO:document_style_environment_variables.cc(78)] E2E_Used SafeAreaInsetBottom
[71992:1:1118/201827.433616:INFO:document_style_environment_variables.cc(78)] E2E_Used SafeAreaInsetBottom
[71947:71951:1118/201829.402879:WARNING:sqlite_persistent_store_backend_base.cc(198)] Failed to post task from FlushAndNotifyInBackground@net/extras/sqlite/sqlite_persistent_store_backend_base.cc:248 to client_task_runner_.
[71947:71951:1118/201829.402974:WARNING:sqlite_persistent_store_backend_base.cc(198)] Failed to post task from FlushAndNotifyInBackground@net/extras/sqlite/sqlite_persistent_store_backend_base.cc:248 to client_task_runner_.
[71907:71907:1118/201829.425919:WARNING:pref_notifier_impl.cc(41)] Pref observer for media_router.cast_allow_all_ips found at shutdown.
